<?xml version="1.0" encoding="UTF-8"?>
<testsuites name="Mocha Tests" time="2.410" tests="5" failures="0">
  <testsuite name="Root Suite" timestamp="2023-07-05T14:28:51" tests="0" file="cypress/e2e/todo.cy.js" time="0.000" failures="0">
  </testsuite>
  <testsuite name="example to-do app" timestamp="2023-07-05T14:28:51" tests="2" time="0.000" failures="0">
    <testcase name="example to-do app can add new todo items" time="1.153" classname="can add new todo items">
    </testcase>
    <testcase name="example to-do app can check an item as completed" time="0.298" classname="can check an item as completed">
    </testcase>
  </testsuite>
  <testsuite name="with a checked task" timestamp="2023-07-05T14:28:52" tests="3" time="0.942" failures="0">
    <testcase name="example to-do app with a checked task can filter for uncompleted tasks" time="0.394" classname="can filter for uncompleted tasks">
    </testcase>
    <testcase name="example to-do app with a checked task can filter for completed tasks" time="0.256" classname="can filter for completed tasks">
    </testcase>
    <testcase name="example to-do app with a checked task can delete all completed tasks" time="0.273" classname="can delete all completed tasks">
    </testcase>
  </testsuite>
</testsuites>