<?xml version="1.0" encoding="UTF-8"?>
<testsuites name="Mocha Tests" time="7.739" tests="6" failures="0">
  <testsuite name="Root Suite" timestamp="2023-07-25T14:39:26" tests="0" file="cypress/e2e/Test-Default/todo.spec.js" time="0.000" failures="0">
    <properties>
      <property name="BUILD_ID" value="467"/>
    </properties>
  </testsuite>
  <testsuite name="example to-do app" timestamp="2023-07-25T14:39:26" tests="3" time="0.000" failures="0">
    <properties>
      <property name="BUILD_ID" value="467"/>
    </properties>
    <testcase name="example to-do app should do some stuff" time="2.409" classname="should do some stuff">
    </testcase>
    <testcase name="example to-do app can add new todo items" time="1.078" classname="can add new todo items">
    </testcase>
    <testcase name="example to-do app can check off an item as completed" time="0.746" classname="can check off an item as completed">
    </testcase>
  </testsuite>
  <testsuite name="with a checked task" timestamp="2023-07-25T14:39:31" tests="3" time="2.394" failures="0">
    <properties>
      <property name="BUILD_ID" value="467"/>
    </properties>
    <testcase name="example to-do app with a checked task can filter for uncompleted tasks" time="0.782" classname="can filter for uncompleted tasks">
    </testcase>
    <testcase name="example to-do app with a checked task can filter for completed tasks" time="0.783" classname="can filter for completed tasks">
    </testcase>
    <testcase name="example to-do app with a checked task can delete all completed tasks" time="0.809" classname="can delete all completed tasks">
    </testcase>
  </testsuite>
</testsuites>